D, [2016-02-25T13:00:36.133000 #13470] DEBUG -- : Assigning without_connection callback before checkin
D, [2016-02-25T13:00:36.138000 #13470] DEBUG -- : Assigning without_connection callback after checkin
D, [2016-02-25T13:00:36.139000 #13470] DEBUG -- : Assigning without_connection callback before checkout
D, [2016-02-25T13:00:36.139000 #13470] DEBUG -- : Assigning without_connection callback after checkout
D, [2016-02-25T13:00:36.143000 #13470] DEBUG -- : [5678 (active:0)]: Warming up 10 connections
D, [2016-02-25T13:00:36.177000 #13470] DEBUG -- :   [1m[36m (1.0ms)[0m  [1mSELECT version()[0m
D, [2016-02-25T13:00:36.222000 #13470] DEBUG -- :   [1m[35m (1.0ms)[0m  SELECT version()
D, [2016-02-25T13:00:36.263000 #13470] DEBUG -- :   [1m[36m (1.0ms)[0m  [1mSELECT version()[0m
D, [2016-02-25T13:00:36.299000 #13470] DEBUG -- :   [1m[35m (1.0ms)[0m  SELECT version()
D, [2016-02-25T13:00:36.358000 #13470] DEBUG -- :   [1m[36m (1.0ms)[0m  [1mSELECT version()[0m
D, [2016-02-25T13:00:36.393000 #13470] DEBUG -- :   [1m[35m (1.0ms)[0m  SELECT version()
D, [2016-02-25T13:00:36.433000 #13470] DEBUG -- :   [1m[36m (1.0ms)[0m  [1mSELECT version()[0m
D, [2016-02-25T13:00:36.479000 #13470] DEBUG -- :   [1m[35m (1.0ms)[0m  SELECT version()
D, [2016-02-25T13:00:36.528000 #13470] DEBUG -- :   [1m[36m (1.0ms)[0m  [1mSELECT version()[0m
D, [2016-02-25T13:00:36.563000 #13470] DEBUG -- :   [1m[35m (1.0ms)[0m  SELECT version()
D, [2016-02-25T13:00:37.228000 #13470] DEBUG -- :   [1m[36m (1.0ms)[0m  [1mSELECT version()[0m
D, [2016-02-25T13:00:37.272000 #13470] DEBUG -- :   [1m[35m (10.0ms)[0m  CREATE TABLE "books" ("id" serial primary key, "name" character varying(255), "publish_date" date, "created_at" timestamp NOT NULL, "updated_at" timestamp NOT NULL) 
D, [2016-02-25T13:00:37.292000 #13470] DEBUG -- :   [1m[36m (2.0ms)[0m  [1mCREATE TABLE "schema_migrations" ("version" character varying(255) NOT NULL) [0m
D, [2016-02-25T13:00:37.299000 #13470] DEBUG -- :   [1m[35m (2.0ms)[0m  CREATE UNIQUE INDEX  "unique_schema_migrations" ON "schema_migrations"  ("version")
D, [2016-02-25T13:00:37.301000 #13470] DEBUG -- :   [1m[36m (1.0ms)[0m  [1mSELECT version FROM "schema_migrations"[0m
D, [2016-02-25T13:00:37.303000 #13470] DEBUG -- :   [1m[35m (1.0ms)[0m  INSERT INTO "schema_migrations" (version) VALUES ('20160222045238')
D, [2016-02-25T13:00:37.325000 #13470] DEBUG -- :   [1m[36m (1.0ms)[0m  [1mSELECT version()[0m
D, [2016-02-25T13:00:37.364000 #13470] DEBUG -- :   [1m[35m (8.0ms)[0m  CREATE TABLE "books" ("id" serial primary key, "name" character varying(255), "publish_date" date, "created_at" timestamp NOT NULL, "updated_at" timestamp NOT NULL) 
D, [2016-02-25T13:00:37.370000 #13470] DEBUG -- :   [1m[36m (1.0ms)[0m  [1mCREATE TABLE "schema_migrations" ("version" character varying(255) NOT NULL) [0m
D, [2016-02-25T13:00:37.376000 #13470] DEBUG -- :   [1m[35m (2.0ms)[0m  CREATE UNIQUE INDEX  "unique_schema_migrations" ON "schema_migrations"  ("version")
D, [2016-02-25T13:00:37.379000 #13470] DEBUG -- :   [1m[36m (0.0ms)[0m  [1mSELECT version FROM "schema_migrations"[0m
D, [2016-02-25T13:00:37.382000 #13470] DEBUG -- :   [1m[35m (1.0ms)[0m  INSERT INTO "schema_migrations" (version) VALUES ('20160222045238')
D, [2016-02-25T13:00:37.398000 #13470] DEBUG -- :   [1m[36m (2.0ms)[0m  [1mSELECT version()[0m
D, [2016-02-25T13:00:37.436000 #13470] DEBUG -- :   [1m[35mActiveRecord::SchemaMigration Load (2.0ms)[0m  SELECT "schema_migrations".* FROM "schema_migrations"
D, [2016-02-25T13:01:15.247000 #13610] DEBUG -- : Assigning without_connection callback before checkin
D, [2016-02-25T13:01:15.252000 #13610] DEBUG -- : Assigning without_connection callback after checkin
D, [2016-02-25T13:01:15.253000 #13610] DEBUG -- : Assigning without_connection callback before checkout
D, [2016-02-25T13:01:15.254000 #13610] DEBUG -- : Assigning without_connection callback after checkout
D, [2016-02-25T13:01:15.257000 #13610] DEBUG -- : [5796 (active:0)]: Warming up 10 connections
D, [2016-02-25T13:01:15.536000 #13610] DEBUG -- :   [1m[36m (29.0ms)[0m  [1mSELECT version()[0m
D, [2016-02-25T13:01:15.602000 #13610] DEBUG -- :   [1m[35m (1.0ms)[0m  SELECT version()
D, [2016-02-25T13:01:15.651000 #13610] DEBUG -- :   [1m[36m (1.0ms)[0m  [1mSELECT version()[0m
D, [2016-02-25T13:01:15.697000 #13610] DEBUG -- :   [1m[35m (2.0ms)[0m  SELECT version()
D, [2016-02-25T13:01:15.742000 #13610] DEBUG -- :   [1m[36m (1.0ms)[0m  [1mSELECT version()[0m
D, [2016-02-25T13:01:15.779000 #13610] DEBUG -- :   [1m[35m (1.0ms)[0m  SELECT version()
D, [2016-02-25T13:01:15.824000 #13610] DEBUG -- :   [1m[36m (1.0ms)[0m  [1mSELECT version()[0m
D, [2016-02-25T13:01:15.867000 #13610] DEBUG -- :   [1m[35m (1.0ms)[0m  SELECT version()
D, [2016-02-25T13:01:15.901000 #13610] DEBUG -- :   [1m[36m (1.0ms)[0m  [1mSELECT version()[0m
D, [2016-02-25T13:01:15.939000 #13610] DEBUG -- :   [1m[35m (1.0ms)[0m  SELECT version()
